<?xml version="1.0" encoding="UTF-8"?>
<testsuite xmlns:xsi="http://www.w3.org/2001/XMLSchema-instance" xsi:noNamespaceSchemaLocation="https://maven.apache.org/surefire/maven-surefire-plugin/xsd/surefire-test-report-3.0.xsd" version="3.0" name="com.example.awslabs.service.STSServiceTest" time="0.427" tests="1" errors="0" skipped="0" failures="0">
  <properties>
    <property name="java.specification.version" value="17"/>
    <property name="sun.jnu.encoding" value="UTF-8"/>
    <property name="java.class.path" value="/Users/poojaraviraj/eclipse-workspace/aws-labs-1/target/test-classes:/Users/poojaraviraj/eclipse-workspace/aws-labs-1/target/classes:/Users/poojaraviraj/.m2/repository/org/springframework/boot/spring-boot-starter-web/3.3.3/spring-boot-starter-web-3.3.3.jar:/Users/poojaraviraj/.m2/repository/org/springframework/boot/spring-boot-starter/3.3.3/spring-boot-starter-3.3.3.jar:/Users/poojaraviraj/.m2/repository/org/springframework/boot/spring-boot/3.3.3/spring-boot-3.3.3.jar:/Users/poojaraviraj/.m2/repository/org/springframework/boot/spring-boot-autoconfigure/3.3.3/spring-boot-autoconfigure-3.3.3.jar:/Users/poojaraviraj/.m2/repository/org/springframework/boot/spring-boot-starter-logging/3.3.3/spring-boot-starter-logging-3.3.3.jar:/Users/poojaraviraj/.m2/repository/ch/qos/logback/logback-classic/1.5.7/logback-classic-1.5.7.jar:/Users/poojaraviraj/.m2/repository/ch/qos/logback/logback-core/1.5.7/logback-core-1.5.7.jar:/Users/poojaraviraj/.m2/repository/org/apache/logging/log4j/log4j-to-slf4j/2.23.1/log4j-to-slf4j-2.23.1.jar:/Users/poojaraviraj/.m2/repository/org/apache/logging/log4j/log4j-api/2.23.1/log4j-api-2.23.1.jar:/Users/poojaraviraj/.m2/repository/org/slf4j/jul-to-slf4j/2.0.16/jul-to-slf4j-2.0.16.jar:/Users/poojaraviraj/.m2/repository/jakarta/annotation/jakarta.annotation-api/2.1.1/jakarta.annotation-api-2.1.1.jar:/Users/poojaraviraj/.m2/repository/org/yaml/snakeyaml/2.2/snakeyaml-2.2.jar:/Users/poojaraviraj/.m2/repository/org/springframework/boot/spring-boot-starter-json/3.3.3/spring-boot-starter-json-3.3.3.jar:/Users/poojaraviraj/.m2/repository/com/fasterxml/jackson/core/jackson-databind/2.17.2/jackson-databind-2.17.2.jar:/Users/poojaraviraj/.m2/repository/com/fasterxml/jackson/core/jackson-annotations/2.17.2/jackson-annotations-2.17.2.jar:/Users/poojaraviraj/.m2/repository/com/fasterxml/jackson/core/jackson-core/2.17.2/jackson-core-2.17.2.jar:/Users/poojaraviraj/.m2/repository/com/fasterxml/jackson/datatype/jackson-datatype-jdk8/2.17.2/jackson-datatype-jdk8-2.17.2.jar:/Users/poojaraviraj/.m2/repository/com/fasterxml/jackson/datatype/jackson-datatype-jsr310/2.17.2/jackson-datatype-jsr310-2.17.2.jar:/Users/poojaraviraj/.m2/repository/com/fasterxml/jackson/module/jackson-module-parameter-names/2.17.2/jackson-module-parameter-names-2.17.2.jar:/Users/poojaraviraj/.m2/repository/org/springframework/boot/spring-boot-starter-tomcat/3.3.3/spring-boot-starter-tomcat-3.3.3.jar:/Users/poojaraviraj/.m2/repository/org/apache/tomcat/embed/tomcat-embed-core/10.1.28/tomcat-embed-core-10.1.28.jar:/Users/poojaraviraj/.m2/repository/org/apache/tomcat/embed/tomcat-embed-el/10.1.28/tomcat-embed-el-10.1.28.jar:/Users/poojaraviraj/.m2/repository/org/apache/tomcat/embed/tomcat-embed-websocket/10.1.28/tomcat-embed-websocket-10.1.28.jar:/Users/poojaraviraj/.m2/repository/org/springframework/spring-web/6.1.12/spring-web-6.1.12.jar:/Users/poojaraviraj/.m2/repository/org/springframework/spring-beans/6.1.12/spring-beans-6.1.12.jar:/Users/poojaraviraj/.m2/repository/io/micrometer/micrometer-observation/1.13.3/micrometer-observation-1.13.3.jar:/Users/poojaraviraj/.m2/repository/io/micrometer/micrometer-commons/1.13.3/micrometer-commons-1.13.3.jar:/Users/poojaraviraj/.m2/repository/org/springframework/spring-webmvc/6.1.12/spring-webmvc-6.1.12.jar:/Users/poojaraviraj/.m2/repository/org/springframework/spring-aop/6.1.12/spring-aop-6.1.12.jar:/Users/poojaraviraj/.m2/repository/org/springframework/spring-context/6.1.12/spring-context-6.1.12.jar:/Users/poojaraviraj/.m2/repository/org/springframework/spring-expression/6.1.12/spring-expression-6.1.12.jar:/Users/poojaraviraj/.m2/repository/software/amazon/awssdk/s3/2.25.60/s3-2.25.60.jar:/Users/poojaraviraj/.m2/repository/software/amazon/awssdk/aws-xml-protocol/2.25.60/aws-xml-protocol-2.25.60.jar:/Users/poojaraviraj/.m2/repository/software/amazon/awssdk/protocol-core/2.25.60/protocol-core-2.25.60.jar:/Users/poojaraviraj/.m2/repository/software/amazon/awssdk/arns/2.25.60/arns-2.25.60.jar:/Users/poojaraviraj/.m2/repository/software/amazon/awssdk/profiles/2.25.60/profiles-2.25.60.jar:/Users/poojaraviraj/.m2/repository/software/amazon/awssdk/crt-core/2.25.60/crt-core-2.25.60.jar:/Users/poojaraviraj/.m2/repository/software/amazon/awssdk/http-auth/2.25.60/http-auth-2.25.60.jar:/Users/poojaraviraj/.m2/repository/software/amazon/awssdk/identity-spi/2.25.60/identity-spi-2.25.60.jar:/Users/poojaraviraj/.m2/repository/software/amazon/awssdk/http-auth-spi/2.25.60/http-auth-spi-2.25.60.jar:/Users/poojaraviraj/.m2/repository/org/reactivestreams/reactive-streams/1.0.4/reactive-streams-1.0.4.jar:/Users/poojaraviraj/.m2/repository/software/amazon/awssdk/http-auth-aws/2.25.60/http-auth-aws-2.25.60.jar:/Users/poojaraviraj/.m2/repository/software/amazon/awssdk/checksums/2.25.60/checksums-2.25.60.jar:/Users/poojaraviraj/.m2/repository/software/amazon/awssdk/checksums-spi/2.25.60/checksums-spi-2.25.60.jar:/Users/poojaraviraj/.m2/repository/software/amazon/awssdk/sdk-core/2.25.60/sdk-core-2.25.60.jar:/Users/poojaraviraj/.m2/repository/org/slf4j/slf4j-api/2.0.16/slf4j-api-2.0.16.jar:/Users/poojaraviraj/.m2/repository/software/amazon/awssdk/auth/2.25.60/auth-2.25.60.jar:/Users/poojaraviraj/.m2/repository/software/amazon/eventstream/eventstream/1.0.1/eventstream-1.0.1.jar:/Users/poojaraviraj/.m2/repository/software/amazon/awssdk/http-client-spi/2.25.60/http-client-spi-2.25.60.jar:/Users/poojaraviraj/.m2/repository/software/amazon/awssdk/regions/2.25.60/regions-2.25.60.jar:/Users/poojaraviraj/.m2/repository/software/amazon/awssdk/annotations/2.25.60/annotations-2.25.60.jar:/Users/poojaraviraj/.m2/repository/software/amazon/awssdk/utils/2.25.60/utils-2.25.60.jar:/Users/poojaraviraj/.m2/repository/software/amazon/awssdk/aws-core/2.25.60/aws-core-2.25.60.jar:/Users/poojaraviraj/.m2/repository/software/amazon/awssdk/metrics-spi/2.25.60/metrics-spi-2.25.60.jar:/Users/poojaraviraj/.m2/repository/software/amazon/awssdk/json-utils/2.25.60/json-utils-2.25.60.jar:/Users/poojaraviraj/.m2/repository/software/amazon/awssdk/third-party-jackson-core/2.25.60/third-party-jackson-core-2.25.60.jar:/Users/poojaraviraj/.m2/repository/software/amazon/awssdk/endpoints-spi/2.25.60/endpoints-spi-2.25.60.jar:/Users/poojaraviraj/.m2/repository/software/amazon/awssdk/apache-client/2.25.60/apache-client-2.25.60.jar:/Users/poojaraviraj/.m2/repository/org/apache/httpcomponents/httpclient/4.5.13/httpclient-4.5.13.jar:/Users/poojaraviraj/.m2/repository/commons-logging/commons-logging/1.2/commons-logging-1.2.jar:/Users/poojaraviraj/.m2/repository/org/apache/httpcomponents/httpcore/4.4.16/httpcore-4.4.16.jar:/Users/poojaraviraj/.m2/repository/commons-codec/commons-codec/1.16.1/commons-codec-1.16.1.jar:/Users/poojaraviraj/.m2/repository/software/amazon/awssdk/netty-nio-client/2.25.60/netty-nio-client-2.25.60.jar:/Users/poojaraviraj/.m2/repository/io/netty/netty-codec-http/4.1.112.Final/netty-codec-http-4.1.112.Final.jar:/Users/poojaraviraj/.m2/repository/io/netty/netty-codec-http2/4.1.112.Final/netty-codec-http2-4.1.112.Final.jar:/Users/poojaraviraj/.m2/repository/io/netty/netty-codec/4.1.112.Final/netty-codec-4.1.112.Final.jar:/Users/poojaraviraj/.m2/repository/io/netty/netty-transport/4.1.112.Final/netty-transport-4.1.112.Final.jar:/Users/poojaraviraj/.m2/repository/io/netty/netty-common/4.1.112.Final/netty-common-4.1.112.Final.jar:/Users/poojaraviraj/.m2/repository/io/netty/netty-buffer/4.1.112.Final/netty-buffer-4.1.112.Final.jar:/Users/poojaraviraj/.m2/repository/io/netty/netty-handler/4.1.112.Final/netty-handler-4.1.112.Final.jar:/Users/poojaraviraj/.m2/repository/io/netty/netty-transport-native-unix-common/4.1.112.Final/netty-transport-native-unix-common-4.1.112.Final.jar:/Users/poojaraviraj/.m2/repository/io/netty/netty-transport-classes-epoll/4.1.112.Final/netty-transport-classes-epoll-4.1.112.Final.jar:/Users/poojaraviraj/.m2/repository/io/netty/netty-resolver/4.1.112.Final/netty-resolver-4.1.112.Final.jar:/Users/poojaraviraj/.m2/repository/software/amazon/awssdk/dynamodb/2.25.60/dynamodb-2.25.60.jar:/Users/poojaraviraj/.m2/repository/software/amazon/awssdk/aws-json-protocol/2.25.60/aws-json-protocol-2.25.60.jar:/Users/poojaraviraj/.m2/repository/software/amazon/awssdk/sqs/2.25.60/sqs-2.25.60.jar:/Users/poojaraviraj/.m2/repository/software/amazon/awssdk/sns/2.25.60/sns-2.25.60.jar:/Users/poojaraviraj/.m2/repository/software/amazon/awssdk/aws-query-protocol/2.25.60/aws-query-protocol-2.25.60.jar:/Users/poojaraviraj/.m2/repository/com/amazonaws/aws-lambda-java-core/1.2.3/aws-lambda-java-core-1.2.3.jar:/Users/poojaraviraj/.m2/repository/com/amazonaws/aws-lambda-java-events/3.11.2/aws-lambda-java-events-3.11.2.jar:/Users/poojaraviraj/.m2/repository/joda-time/joda-time/2.10.8/joda-time-2.10.8.jar:/Users/poojaraviraj/.m2/repository/software/amazon/awssdk/sts/2.25.60/sts-2.25.60.jar:/Users/poojaraviraj/.m2/repository/org/projectlombok/lombok/1.18.30/lombok-1.18.30.jar:/Users/poojaraviraj/.m2/repository/org/springframework/boot/spring-boot-starter-test/3.3.3/spring-boot-starter-test-3.3.3.jar:/Users/poojaraviraj/.m2/repository/org/springframework/boot/spring-boot-test/3.3.3/spring-boot-test-3.3.3.jar:/Users/poojaraviraj/.m2/repository/org/springframework/boot/spring-boot-test-autoconfigure/3.3.3/spring-boot-test-autoconfigure-3.3.3.jar:/Users/poojaraviraj/.m2/repository/com/jayway/jsonpath/json-path/2.9.0/json-path-2.9.0.jar:/Users/poojaraviraj/.m2/repository/jakarta/xml/bind/jakarta.xml.bind-api/4.0.2/jakarta.xml.bind-api-4.0.2.jar:/Users/poojaraviraj/.m2/repository/jakarta/activation/jakarta.activation-api/2.1.3/jakarta.activation-api-2.1.3.jar:/Users/poojaraviraj/.m2/repository/net/minidev/json-smart/2.5.1/json-smart-2.5.1.jar:/Users/poojaraviraj/.m2/repository/net/minidev/accessors-smart/2.5.1/accessors-smart-2.5.1.jar:/Users/poojaraviraj/.m2/repository/org/ow2/asm/asm/9.6/asm-9.6.jar:/Users/poojaraviraj/.m2/repository/org/assertj/assertj-core/3.25.3/assertj-core-3.25.3.jar:/Users/poojaraviraj/.m2/repository/org/awaitility/awaitility/4.2.2/awaitility-4.2.2.jar:/Users/poojaraviraj/.m2/repository/org/hamcrest/hamcrest/2.2/hamcrest-2.2.jar:/Users/poojaraviraj/.m2/repository/org/mockito/mockito-junit-jupiter/5.11.0/mockito-junit-jupiter-5.11.0.jar:/Users/poojaraviraj/.m2/repository/org/skyscreamer/jsonassert/1.5.3/jsonassert-1.5.3.jar:/Users/poojaraviraj/.m2/repository/com/vaadin/external/google/android-json/0.0.20131108.vaadin1/android-json-0.0.20131108.vaadin1.jar:/Users/poojaraviraj/.m2/repository/org/springframework/spring-core/6.1.12/spring-core-6.1.12.jar:/Users/poojaraviraj/.m2/repository/org/springframework/spring-jcl/6.1.12/spring-jcl-6.1.12.jar:/Users/poojaraviraj/.m2/repository/org/springframework/spring-test/6.1.12/spring-test-6.1.12.jar:/Users/poojaraviraj/.m2/repository/org/xmlunit/xmlunit-core/2.9.1/xmlunit-core-2.9.1.jar:/Users/poojaraviraj/.m2/repository/org/junit/jupiter/junit-jupiter/5.10.2/junit-jupiter-5.10.2.jar:/Users/poojaraviraj/.m2/repository/org/junit/jupiter/junit-jupiter-api/5.10.3/junit-jupiter-api-5.10.3.jar:/Users/poojaraviraj/.m2/repository/org/opentest4j/opentest4j/1.3.0/opentest4j-1.3.0.jar:/Users/poojaraviraj/.m2/repository/org/junit/platform/junit-platform-commons/1.10.3/junit-platform-commons-1.10.3.jar:/Users/poojaraviraj/.m2/repository/org/apiguardian/apiguardian-api/1.1.2/apiguardian-api-1.1.2.jar:/Users/poojaraviraj/.m2/repository/org/junit/jupiter/junit-jupiter-params/5.10.3/junit-jupiter-params-5.10.3.jar:/Users/poojaraviraj/.m2/repository/org/junit/jupiter/junit-jupiter-engine/5.10.3/junit-jupiter-engine-5.10.3.jar:/Users/poojaraviraj/.m2/repository/org/junit/platform/junit-platform-engine/1.10.3/junit-platform-engine-1.10.3.jar:/Users/poojaraviraj/.m2/repository/org/mockito/mockito-core/5.2.0/mockito-core-5.2.0.jar:/Users/poojaraviraj/.m2/repository/net/bytebuddy/byte-buddy/1.14.19/byte-buddy-1.14.19.jar:/Users/poojaraviraj/.m2/repository/net/bytebuddy/byte-buddy-agent/1.14.19/byte-buddy-agent-1.14.19.jar:/Users/poojaraviraj/.m2/repository/org/objenesis/objenesis/3.3/objenesis-3.3.jar:"/>
    <property name="java.vm.vendor" value="Homebrew"/>
    <property name="sun.arch.data.model" value="64"/>
    <property name="java.vendor.url" value="https://github.com/Homebrew/homebrew-core/issues"/>
    <property name="user.timezone" value="Asia/Kolkata"/>
    <property name="os.name" value="Mac OS X"/>
    <property name="java.vm.specification.version" value="17"/>
    <property name="sun.java.launcher" value="SUN_STANDARD"/>
    <property name="user.country" value="IN"/>
    <property name="sun.boot.library.path" value="/opt/homebrew/Cellar/openjdk@17/17.0.16/libexec/openjdk.jdk/Contents/Home/lib"/>
    <property name="sun.java.command" value="/Users/poojaraviraj/eclipse-workspace/aws-labs-1/target/surefire/surefirebooter-20250930142416686_3.jar /Users/poojaraviraj/eclipse-workspace/aws-labs-1/target/surefire 2025-09-30T14-24-16_660-jvmRun1 surefire-20250930142416686_1tmp surefire_0-20250930142416686_2tmp"/>
    <property name="http.nonProxyHosts" value="local|*.local|169.254/16|*.169.254/16"/>
    <property name="jdk.debug" value="release"/>
    <property name="surefire.test.class.path" value="/Users/poojaraviraj/eclipse-workspace/aws-labs-1/target/test-classes:/Users/poojaraviraj/eclipse-workspace/aws-labs-1/target/classes:/Users/poojaraviraj/.m2/repository/org/springframework/boot/spring-boot-starter-web/3.3.3/spring-boot-starter-web-3.3.3.jar:/Users/poojaraviraj/.m2/repository/org/springframework/boot/spring-boot-starter/3.3.3/spring-boot-starter-3.3.3.jar:/Users/poojaraviraj/.m2/repository/org/springframework/boot/spring-boot/3.3.3/spring-boot-3.3.3.jar:/Users/poojaraviraj/.m2/repository/org/springframework/boot/spring-boot-autoconfigure/3.3.3/spring-boot-autoconfigure-3.3.3.jar:/Users/poojaraviraj/.m2/repository/org/springframework/boot/spring-boot-starter-logging/3.3.3/spring-boot-starter-logging-3.3.3.jar:/Users/poojaraviraj/.m2/repository/ch/qos/logback/logback-classic/1.5.7/logback-classic-1.5.7.jar:/Users/poojaraviraj/.m2/repository/ch/qos/logback/logback-core/1.5.7/logback-core-1.5.7.jar:/Users/poojaraviraj/.m2/repository/org/apache/logging/log4j/log4j-to-slf4j/2.23.1/log4j-to-slf4j-2.23.1.jar:/Users/poojaraviraj/.m2/repository/org/apache/logging/log4j/log4j-api/2.23.1/log4j-api-2.23.1.jar:/Users/poojaraviraj/.m2/repository/org/slf4j/jul-to-slf4j/2.0.16/jul-to-slf4j-2.0.16.jar:/Users/poojaraviraj/.m2/repository/jakarta/annotation/jakarta.annotation-api/2.1.1/jakarta.annotation-api-2.1.1.jar:/Users/poojaraviraj/.m2/repository/org/yaml/snakeyaml/2.2/snakeyaml-2.2.jar:/Users/poojaraviraj/.m2/repository/org/springframework/boot/spring-boot-starter-json/3.3.3/spring-boot-starter-json-3.3.3.jar:/Users/poojaraviraj/.m2/repository/com/fasterxml/jackson/core/jackson-databind/2.17.2/jackson-databind-2.17.2.jar:/Users/poojaraviraj/.m2/repository/com/fasterxml/jackson/core/jackson-annotations/2.17.2/jackson-annotations-2.17.2.jar:/Users/poojaraviraj/.m2/repository/com/fasterxml/jackson/core/jackson-core/2.17.2/jackson-core-2.17.2.jar:/Users/poojaraviraj/.m2/repository/com/fasterxml/jackson/datatype/jackson-datatype-jdk8/2.17.2/jackson-datatype-jdk8-2.17.2.jar:/Users/poojaraviraj/.m2/repository/com/fasterxml/jackson/datatype/jackson-datatype-jsr310/2.17.2/jackson-datatype-jsr310-2.17.2.jar:/Users/poojaraviraj/.m2/repository/com/fasterxml/jackson/module/jackson-module-parameter-names/2.17.2/jackson-module-parameter-names-2.17.2.jar:/Users/poojaraviraj/.m2/repository/org/springframework/boot/spring-boot-starter-tomcat/3.3.3/spring-boot-starter-tomcat-3.3.3.jar:/Users/poojaraviraj/.m2/repository/org/apache/tomcat/embed/tomcat-embed-core/10.1.28/tomcat-embed-core-10.1.28.jar:/Users/poojaraviraj/.m2/repository/org/apache/tomcat/embed/tomcat-embed-el/10.1.28/tomcat-embed-el-10.1.28.jar:/Users/poojaraviraj/.m2/repository/org/apache/tomcat/embed/tomcat-embed-websocket/10.1.28/tomcat-embed-websocket-10.1.28.jar:/Users/poojaraviraj/.m2/repository/org/springframework/spring-web/6.1.12/spring-web-6.1.12.jar:/Users/poojaraviraj/.m2/repository/org/springframework/spring-beans/6.1.12/spring-beans-6.1.12.jar:/Users/poojaraviraj/.m2/repository/io/micrometer/micrometer-observation/1.13.3/micrometer-observation-1.13.3.jar:/Users/poojaraviraj/.m2/repository/io/micrometer/micrometer-commons/1.13.3/micrometer-commons-1.13.3.jar:/Users/poojaraviraj/.m2/repository/org/springframework/spring-webmvc/6.1.12/spring-webmvc-6.1.12.jar:/Users/poojaraviraj/.m2/repository/org/springframework/spring-aop/6.1.12/spring-aop-6.1.12.jar:/Users/poojaraviraj/.m2/repository/org/springframework/spring-context/6.1.12/spring-context-6.1.12.jar:/Users/poojaraviraj/.m2/repository/org/springframework/spring-expression/6.1.12/spring-expression-6.1.12.jar:/Users/poojaraviraj/.m2/repository/software/amazon/awssdk/s3/2.25.60/s3-2.25.60.jar:/Users/poojaraviraj/.m2/repository/software/amazon/awssdk/aws-xml-protocol/2.25.60/aws-xml-protocol-2.25.60.jar:/Users/poojaraviraj/.m2/repository/software/amazon/awssdk/protocol-core/2.25.60/protocol-core-2.25.60.jar:/Users/poojaraviraj/.m2/repository/software/amazon/awssdk/arns/2.25.60/arns-2.25.60.jar:/Users/poojaraviraj/.m2/repository/software/amazon/awssdk/profiles/2.25.60/profiles-2.25.60.jar:/Users/poojaraviraj/.m2/repository/software/amazon/awssdk/crt-core/2.25.60/crt-core-2.25.60.jar:/Users/poojaraviraj/.m2/repository/software/amazon/awssdk/http-auth/2.25.60/http-auth-2.25.60.jar:/Users/poojaraviraj/.m2/repository/software/amazon/awssdk/identity-spi/2.25.60/identity-spi-2.25.60.jar:/Users/poojaraviraj/.m2/repository/software/amazon/awssdk/http-auth-spi/2.25.60/http-auth-spi-2.25.60.jar:/Users/poojaraviraj/.m2/repository/org/reactivestreams/reactive-streams/1.0.4/reactive-streams-1.0.4.jar:/Users/poojaraviraj/.m2/repository/software/amazon/awssdk/http-auth-aws/2.25.60/http-auth-aws-2.25.60.jar:/Users/poojaraviraj/.m2/repository/software/amazon/awssdk/checksums/2.25.60/checksums-2.25.60.jar:/Users/poojaraviraj/.m2/repository/software/amazon/awssdk/checksums-spi/2.25.60/checksums-spi-2.25.60.jar:/Users/poojaraviraj/.m2/repository/software/amazon/awssdk/sdk-core/2.25.60/sdk-core-2.25.60.jar:/Users/poojaraviraj/.m2/repository/org/slf4j/slf4j-api/2.0.16/slf4j-api-2.0.16.jar:/Users/poojaraviraj/.m2/repository/software/amazon/awssdk/auth/2.25.60/auth-2.25.60.jar:/Users/poojaraviraj/.m2/repository/software/amazon/eventstream/eventstream/1.0.1/eventstream-1.0.1.jar:/Users/poojaraviraj/.m2/repository/software/amazon/awssdk/http-client-spi/2.25.60/http-client-spi-2.25.60.jar:/Users/poojaraviraj/.m2/repository/software/amazon/awssdk/regions/2.25.60/regions-2.25.60.jar:/Users/poojaraviraj/.m2/repository/software/amazon/awssdk/annotations/2.25.60/annotations-2.25.60.jar:/Users/poojaraviraj/.m2/repository/software/amazon/awssdk/utils/2.25.60/utils-2.25.60.jar:/Users/poojaraviraj/.m2/repository/software/amazon/awssdk/aws-core/2.25.60/aws-core-2.25.60.jar:/Users/poojaraviraj/.m2/repository/software/amazon/awssdk/metrics-spi/2.25.60/metrics-spi-2.25.60.jar:/Users/poojaraviraj/.m2/repository/software/amazon/awssdk/json-utils/2.25.60/json-utils-2.25.60.jar:/Users/poojaraviraj/.m2/repository/software/amazon/awssdk/third-party-jackson-core/2.25.60/third-party-jackson-core-2.25.60.jar:/Users/poojaraviraj/.m2/repository/software/amazon/awssdk/endpoints-spi/2.25.60/endpoints-spi-2.25.60.jar:/Users/poojaraviraj/.m2/repository/software/amazon/awssdk/apache-client/2.25.60/apache-client-2.25.60.jar:/Users/poojaraviraj/.m2/repository/org/apache/httpcomponents/httpclient/4.5.13/httpclient-4.5.13.jar:/Users/poojaraviraj/.m2/repository/commons-logging/commons-logging/1.2/commons-logging-1.2.jar:/Users/poojaraviraj/.m2/repository/org/apache/httpcomponents/httpcore/4.4.16/httpcore-4.4.16.jar:/Users/poojaraviraj/.m2/repository/commons-codec/commons-codec/1.16.1/commons-codec-1.16.1.jar:/Users/poojaraviraj/.m2/repository/software/amazon/awssdk/netty-nio-client/2.25.60/netty-nio-client-2.25.60.jar:/Users/poojaraviraj/.m2/repository/io/netty/netty-codec-http/4.1.112.Final/netty-codec-http-4.1.112.Final.jar:/Users/poojaraviraj/.m2/repository/io/netty/netty-codec-http2/4.1.112.Final/netty-codec-http2-4.1.112.Final.jar:/Users/poojaraviraj/.m2/repository/io/netty/netty-codec/4.1.112.Final/netty-codec-4.1.112.Final.jar:/Users/poojaraviraj/.m2/repository/io/netty/netty-transport/4.1.112.Final/netty-transport-4.1.112.Final.jar:/Users/poojaraviraj/.m2/repository/io/netty/netty-common/4.1.112.Final/netty-common-4.1.112.Final.jar:/Users/poojaraviraj/.m2/repository/io/netty/netty-buffer/4.1.112.Final/netty-buffer-4.1.112.Final.jar:/Users/poojaraviraj/.m2/repository/io/netty/netty-handler/4.1.112.Final/netty-handler-4.1.112.Final.jar:/Users/poojaraviraj/.m2/repository/io/netty/netty-transport-native-unix-common/4.1.112.Final/netty-transport-native-unix-common-4.1.112.Final.jar:/Users/poojaraviraj/.m2/repository/io/netty/netty-transport-classes-epoll/4.1.112.Final/netty-transport-classes-epoll-4.1.112.Final.jar:/Users/poojaraviraj/.m2/repository/io/netty/netty-resolver/4.1.112.Final/netty-resolver-4.1.112.Final.jar:/Users/poojaraviraj/.m2/repository/software/amazon/awssdk/dynamodb/2.25.60/dynamodb-2.25.60.jar:/Users/poojaraviraj/.m2/repository/software/amazon/awssdk/aws-json-protocol/2.25.60/aws-json-protocol-2.25.60.jar:/Users/poojaraviraj/.m2/repository/software/amazon/awssdk/sqs/2.25.60/sqs-2.25.60.jar:/Users/poojaraviraj/.m2/repository/software/amazon/awssdk/sns/2.25.60/sns-2.25.60.jar:/Users/poojaraviraj/.m2/repository/software/amazon/awssdk/aws-query-protocol/2.25.60/aws-query-protocol-2.25.60.jar:/Users/poojaraviraj/.m2/repository/com/amazonaws/aws-lambda-java-core/1.2.3/aws-lambda-java-core-1.2.3.jar:/Users/poojaraviraj/.m2/repository/com/amazonaws/aws-lambda-java-events/3.11.2/aws-lambda-java-events-3.11.2.jar:/Users/poojaraviraj/.m2/repository/joda-time/joda-time/2.10.8/joda-time-2.10.8.jar:/Users/poojaraviraj/.m2/repository/software/amazon/awssdk/sts/2.25.60/sts-2.25.60.jar:/Users/poojaraviraj/.m2/repository/org/projectlombok/lombok/1.18.30/lombok-1.18.30.jar:/Users/poojaraviraj/.m2/repository/org/springframework/boot/spring-boot-starter-test/3.3.3/spring-boot-starter-test-3.3.3.jar:/Users/poojaraviraj/.m2/repository/org/springframework/boot/spring-boot-test/3.3.3/spring-boot-test-3.3.3.jar:/Users/poojaraviraj/.m2/repository/org/springframework/boot/spring-boot-test-autoconfigure/3.3.3/spring-boot-test-autoconfigure-3.3.3.jar:/Users/poojaraviraj/.m2/repository/com/jayway/jsonpath/json-path/2.9.0/json-path-2.9.0.jar:/Users/poojaraviraj/.m2/repository/jakarta/xml/bind/jakarta.xml.bind-api/4.0.2/jakarta.xml.bind-api-4.0.2.jar:/Users/poojaraviraj/.m2/repository/jakarta/activation/jakarta.activation-api/2.1.3/jakarta.activation-api-2.1.3.jar:/Users/poojaraviraj/.m2/repository/net/minidev/json-smart/2.5.1/json-smart-2.5.1.jar:/Users/poojaraviraj/.m2/repository/net/minidev/accessors-smart/2.5.1/accessors-smart-2.5.1.jar:/Users/poojaraviraj/.m2/repository/org/ow2/asm/asm/9.6/asm-9.6.jar:/Users/poojaraviraj/.m2/repository/org/assertj/assertj-core/3.25.3/assertj-core-3.25.3.jar:/Users/poojaraviraj/.m2/repository/org/awaitility/awaitility/4.2.2/awaitility-4.2.2.jar:/Users/poojaraviraj/.m2/repository/org/hamcrest/hamcrest/2.2/hamcrest-2.2.jar:/Users/poojaraviraj/.m2/repository/org/mockito/mockito-junit-jupiter/5.11.0/mockito-junit-jupiter-5.11.0.jar:/Users/poojaraviraj/.m2/repository/org/skyscreamer/jsonassert/1.5.3/jsonassert-1.5.3.jar:/Users/poojaraviraj/.m2/repository/com/vaadin/external/google/android-json/0.0.20131108.vaadin1/android-json-0.0.20131108.vaadin1.jar:/Users/poojaraviraj/.m2/repository/org/springframework/spring-core/6.1.12/spring-core-6.1.12.jar:/Users/poojaraviraj/.m2/repository/org/springframework/spring-jcl/6.1.12/spring-jcl-6.1.12.jar:/Users/poojaraviraj/.m2/repository/org/springframework/spring-test/6.1.12/spring-test-6.1.12.jar:/Users/poojaraviraj/.m2/repository/org/xmlunit/xmlunit-core/2.9.1/xmlunit-core-2.9.1.jar:/Users/poojaraviraj/.m2/repository/org/junit/jupiter/junit-jupiter/5.10.2/junit-jupiter-5.10.2.jar:/Users/poojaraviraj/.m2/repository/org/junit/jupiter/junit-jupiter-api/5.10.3/junit-jupiter-api-5.10.3.jar:/Users/poojaraviraj/.m2/repository/org/opentest4j/opentest4j/1.3.0/opentest4j-1.3.0.jar:/Users/poojaraviraj/.m2/repository/org/junit/platform/junit-platform-commons/1.10.3/junit-platform-commons-1.10.3.jar:/Users/poojaraviraj/.m2/repository/org/apiguardian/apiguardian-api/1.1.2/apiguardian-api-1.1.2.jar:/Users/poojaraviraj/.m2/repository/org/junit/jupiter/junit-jupiter-params/5.10.3/junit-jupiter-params-5.10.3.jar:/Users/poojaraviraj/.m2/repository/org/junit/jupiter/junit-jupiter-engine/5.10.3/junit-jupiter-engine-5.10.3.jar:/Users/poojaraviraj/.m2/repository/org/junit/platform/junit-platform-engine/1.10.3/junit-platform-engine-1.10.3.jar:/Users/poojaraviraj/.m2/repository/org/mockito/mockito-core/5.2.0/mockito-core-5.2.0.jar:/Users/poojaraviraj/.m2/repository/net/bytebuddy/byte-buddy/1.14.19/byte-buddy-1.14.19.jar:/Users/poojaraviraj/.m2/repository/net/bytebuddy/byte-buddy-agent/1.14.19/byte-buddy-agent-1.14.19.jar:/Users/poojaraviraj/.m2/repository/org/objenesis/objenesis/3.3/objenesis-3.3.jar:"/>
    <property name="sun.cpu.endian" value="little"/>
    <property name="user.home" value="/Users/poojaraviraj"/>
    <property name="user.language" value="en"/>
    <property name="java.specification.vendor" value="Oracle Corporation"/>
    <property name="java.version.date" value="2025-07-15"/>
    <property name="java.home" value="/opt/homebrew/Cellar/openjdk@17/17.0.16/libexec/openjdk.jdk/Contents/Home"/>
    <property name="file.separator" value="/"/>
    <property name="basedir" value="/Users/poojaraviraj/eclipse-workspace/aws-labs-1"/>
    <property name="java.vm.compressedOopsMode" value="Zero based"/>
    <property name="line.separator" value="&#10;"/>
    <property name="java.vm.specification.vendor" value="Oracle Corporation"/>
    <property name="java.specification.name" value="Java Platform API Specification"/>
    <property name="surefire.real.class.path" value="/Users/poojaraviraj/eclipse-workspace/aws-labs-1/target/surefire/surefirebooter-20250930142416686_3.jar"/>
    <property name="sun.management.compiler" value="HotSpot 64-Bit Tiered Compilers"/>
    <property name="ftp.nonProxyHosts" value="local|*.local|169.254/16|*.169.254/16"/>
    <property name="java.runtime.version" value="17.0.16+0"/>
    <property name="user.name" value="poojaraviraj"/>
    <property name="path.separator" value=":"/>
    <property name="os.version" value="26.0"/>
    <property name="java.runtime.name" value="OpenJDK Runtime Environment"/>
    <property name="file.encoding" value="UTF-8"/>
    <property name="java.vm.name" value="OpenJDK 64-Bit Server VM"/>
    <property name="java.vendor.version" value="Homebrew"/>
    <property name="localRepository" value="/Users/poojaraviraj/.m2/repository"/>
    <property name="java.vendor.url.bug" value="https://github.com/Homebrew/homebrew-core/issues"/>
    <property name="java.io.tmpdir" value="/var/folders/9k/rlr6jv6n0n3cq443kx3kylqc0000gn/T/"/>
    <property name="java.version" value="17.0.16"/>
    <property name="user.dir" value="/Users/poojaraviraj/eclipse-workspace/aws-labs-1"/>
    <property name="os.arch" value="aarch64"/>
    <property name="java.vm.specification.name" value="Java Virtual Machine Specification"/>
    <property name="native.encoding" value="UTF-8"/>
    <property name="java.library.path" value="/Users/poojaraviraj/Library/Java/Extensions:/Library/Java/Extensions:/Network/Library/Java/Extensions:/System/Library/Java/Extensions:/usr/lib/java:."/>
    <property name="java.vm.info" value="mixed mode, sharing"/>
    <property name="java.vendor" value="Homebrew"/>
    <property name="java.vm.version" value="17.0.16+0"/>
    <property name="java.specification.maintenance.version" value="1"/>
    <property name="sun.io.unicode.encoding" value="UnicodeBig"/>
    <property name="socksNonProxyHosts" value="local|*.local|169.254/16|*.169.254/16"/>
    <property name="java.class.version" value="61.0"/>
  </properties>
  <testcase name="testAssumeRole" classname="com.example.awslabs.service.STSServiceTest" time="0.422">
    <system-out><![CDATA[14:24:17.283 [main] INFO com.example.awslabs.service.STSService -- Temporary Credentials:
14:24:17.283 [main] INFO com.example.awslabs.service.STSService -- AccessKeyId: testAccessKeyId
14:24:17.284 [main] INFO com.example.awslabs.service.STSService -- SecretAccessKey: testSecretAccessKey
14:24:17.284 [main] INFO com.example.awslabs.service.STSService -- SessionToken: testSessionToken
14:24:17.284 [main] INFO com.example.awslabs.service.STSService -- Expiration: 2025-09-30T08:54:17.244729Z
]]></system-out>
  </testcase>
</testsuite>